<?xml version="1.0" encoding="UTF-8"?>
<!-- Generated by org.testng.reporters.JUnitXMLReporter -->
<testsuite ignored="0" hostname="DESKTOP-JDL9694" failures="0" tests="5" name="chrometest" time="24.869" errors="0" timestamp="2024-04-03T12:23:00 IST">
  <testcase classname="day12.ParamTest" name="setup" time="16.539"/>
  <testcase classname="day12.ParamTest" name="testLogo" time="0.095"/>
  <testcase classname="day12.ParamTest" name="testhomepagetitle" time="0.02"/>
  <testcase classname="day12.ParamTest" name="login" time="7.721"/>
  <testcase classname="day12.ParamTest" name="tearup" time="0.352"/>
</testsuite> <!-- chrometest -->
