<?xml version="1.0" encoding="UTF-8"?>
<!-- Generated by org.testng.reporters.JUnitXMLReporter -->
<testsuite ignored="0" hostname="DESKTOP-JDL9694" failures="0" tests="5" name="edgetest" time="31.897" errors="0" timestamp="2024-04-03T12:23:07 IST">
  <testcase classname="day12.ParamTest" name="setup" time="19.469"/>
  <testcase classname="day12.ParamTest" name="testLogo" time="0.093"/>
  <testcase classname="day12.ParamTest" name="testhomepagetitle" time="0.024"/>
  <testcase classname="day12.ParamTest" name="login" time="6.457"/>
  <testcase classname="day12.ParamTest" name="tearup" time="5.725"/>
</testsuite> <!-- edgetest -->
