<?xml version="1.0" encoding="UTF-8"?>
<!-- Generated by org.testng.reporters.JUnitXMLReporter -->
<testsuite ignored="3" hostname="DESKTOP-JDL9694" failures="0" tests="6" name="Gtest" time="0.22" errors="0" timestamp="2024-04-02T11:36:02 IST">
  <testcase classname="day12.Grouping_demo" name="loginByEmail" time="0.031"/>
  <testcase classname="day12.Grouping_demo" name="loginByfacebook" time="0.006"/>
  <testcase classname="day12.Grouping_demo" name="loginBytwitter" time="0.004"/>
  <testcase classname="day12.Grouping_demo" name="signupbyemail" time="0.002"/>
  <testcase classname="day12.Grouping_demo" name="paymentinrupees" time="0.003"/>
  <testcase classname="day12.Grouping_demo" name="paymentindollar" time="0.013"/>
  <testcase classname="day12.Grouping_demo" name="signupbytwitter" time="0.0">
    <ignored/>
  </testcase> <!-- signupbytwitter -->
  <testcase classname="day12.Grouping_demo" name="signupbyfacebook" time="0.0">
    <ignored/>
  </testcase> <!-- signupbyfacebook -->
  <testcase classname="day12.Grouping_demo" name="paymentReturnbyBank" time="0.0">
    <ignored/>
  </testcase> <!-- paymentReturnbyBank -->
</testsuite> <!-- Gtest -->
