<?xml version="1.0" encoding="UTF-8"?>
<!-- Generated by org.testng.reporters.JUnitXMLReporter -->
<testsuite ignored="0" hostname="DESKTOP-JDL9694" failures="0" tests="6" name="Mytest" time="12.204" errors="0" timestamp="2024-03-29T11:57:26 IST">
  <testcase classname="day11.Test1" name="one" time="0.031"/>
  <testcase classname="day11.Test1" name="three" time="0.006"/>
  <testcase classname="day11.Test1" name="two" time="0.008"/>
  <testcase classname="day11.Test2" name="openapp" time="10.794"/>
  <testcase classname="day11.Test2" name="login" time="1.085"/>
  <testcase classname="day11.Test2" name="closeapp" time="0.14"/>
</testsuite> <!-- Mytest -->
