<?xml version="1.0" encoding="UTF-8"?>
<!-- Generated by org.testng.reporters.JUnitXMLReporter -->
<testsuite ignored="0" hostname="DESKTOP-JDL9694" failures="0" tests="5" name="Test1" time="23.992" errors="0" timestamp="2024-04-03T11:43:56 IST">
  <testcase classname="day12.ParamTest" name="setup" time="11.459"/>
  <testcase classname="day12.ParamTest" name="testLogo" time="3.714"/>
  <testcase classname="day12.ParamTest" name="testhomepagetitle" time="0.037"/>
  <testcase classname="day12.ParamTest" name="login" time="8.094"/>
  <testcase classname="day12.ParamTest" name="tearup" time="0.554"/>
</testsuite> <!-- Test1 -->
