<?xml version="1.0" encoding="UTF-8"?>
<testng-results ignored="0" total="3" passed="3" failed="0" skipped="0">
  <reporter-output>
  </reporter-output>
  <suite started-at="2024-04-08T12:05:48 IST" name="Suite" finished-at="2024-04-08T12:06:27 IST" duration-ms="38390">
    <groups>
    </groups>
    <test started-at="2024-04-08T12:05:48 IST" name="Mytest" finished-at="2024-04-08T12:06:27 IST" duration-ms="38390">
      <class name="day11.Test2">
        <test-method signature="openapp()[pri:1, instance:day11.Test2@243c4f91]" started-at="2024-04-08T12:05:49 IST" name="openapp" finished-at="2024-04-08T12:06:23 IST" duration-ms="34491" status="PASS">
          <reporter-output>
          </reporter-output>
        </test-method> <!-- openapp -->
        <test-method signature="login()[pri:2, instance:day11.Test2@243c4f91]" started-at="2024-04-08T12:06:23 IST" name="login" finished-at="2024-04-08T12:06:27 IST" duration-ms="3568" status="PASS">
          <reporter-output>
          </reporter-output>
        </test-method> <!-- login -->
        <test-method signature="closeapp()[pri:3, instance:day11.Test2@243c4f91]" started-at="2024-04-08T12:06:27 IST" name="closeapp" finished-at="2024-04-08T12:06:27 IST" duration-ms="226" status="PASS">
          <reporter-output>
          </reporter-output>
        </test-method> <!-- closeapp -->
      </class> <!-- day11.Test2 -->
    </test> <!-- Mytest -->
  </suite> <!-- Suite -->
</testng-results>
