<?xml version="1.0" encoding="UTF-8"?>
<testng-results ignored="0" total="1" passed="1" failed="0" skipped="0">
  <reporter-output>
  </reporter-output>
  <suite started-at="2024-04-12T00:59:03 IST" name="Default suite" finished-at="2024-04-12T00:59:19 IST" duration-ms="16324">
    <groups>
    </groups>
    <test started-at="2024-04-12T00:59:03 IST" name="Default test" finished-at="2024-04-12T00:59:19 IST" duration-ms="16324">
      <class name="day15.GridTest2">
        <test-method is-config="true" signature="setup()[pri:0, instance:day15.GridTest2@dd8ba08]" started-at="2024-04-12T00:59:03 IST" name="setup" finished-at="2024-04-12T00:59:06 IST" duration-ms="3692" status="PASS">
          <reporter-output>
          </reporter-output>
        </test-method> <!-- setup -->
        <test-method signature="login()[pri:0, instance:day15.GridTest2@dd8ba08]" started-at="2024-04-12T00:59:06 IST" name="login" finished-at="2024-04-12T00:59:18 IST" duration-ms="11923" status="PASS">
          <reporter-output>
          </reporter-output>
        </test-method> <!-- login -->
        <test-method is-config="true" signature="tearup()[pri:0, instance:day15.GridTest2@dd8ba08]" started-at="2024-04-12T00:59:18 IST" name="tearup" finished-at="2024-04-12T00:59:19 IST" duration-ms="644" status="PASS">
          <reporter-output>
          </reporter-output>
        </test-method> <!-- tearup -->
      </class> <!-- day15.GridTest2 -->
    </test> <!-- Default test -->
  </suite> <!-- Default suite -->
</testng-results>
