<?xml version="1.0" encoding="UTF-8"?>
<testng-results ignored="0" total="3" passed="3" failed="0" skipped="0">
  <reporter-output>
  </reporter-output>
  <suite started-at="2024-04-08T10:55:36 IST" name="Suite" finished-at="2024-04-08T10:55:56 IST" duration-ms="19663">
    <groups>
    </groups>
    <test started-at="2024-04-08T10:55:36 IST" name="Mytest" finished-at="2024-04-08T10:55:56 IST" duration-ms="19663">
      <class name="day11.Test2">
        <test-method signature="openapp()[pri:1, instance:day11.Test2@6eda5c9]" started-at="2024-04-08T10:55:36 IST" name="openapp" finished-at="2024-04-08T10:55:54 IST" duration-ms="17822" status="PASS">
          <reporter-output>
          </reporter-output>
        </test-method> <!-- openapp -->
        <test-method signature="login()[pri:2, instance:day11.Test2@6eda5c9]" started-at="2024-04-08T10:55:54 IST" name="login" finished-at="2024-04-08T10:55:55 IST" duration-ms="1393" status="PASS">
          <reporter-output>
          </reporter-output>
        </test-method> <!-- login -->
        <test-method signature="closeapp()[pri:3, instance:day11.Test2@6eda5c9]" started-at="2024-04-08T10:55:55 IST" name="closeapp" finished-at="2024-04-08T10:55:56 IST" duration-ms="327" status="PASS">
          <reporter-output>
          </reporter-output>
        </test-method> <!-- closeapp -->
      </class> <!-- day11.Test2 -->
    </test> <!-- Mytest -->
  </suite> <!-- Suite -->
</testng-results>
